<?xml version="1.0" encoding="UTF-8"?>
<robot generator="Robot 3.2.2 (Python 3.8.5 on darwin)" generated="20201109 22:48:50.944" rpa="false">
<suite id="s1" name="MyApp" source="/Users/suchita.hotwani/My_app/hello-world/test/MyApp.robot">
<test id="s1-t1" name="Tc2">
<kw name="Evaluate" library="BuiltIn">
<doc>Evaluates the given expression in Python and returns the result.</doc>
<arguments>
<arg>sys.modules['selenium.webdriver'].ChromeOptions()</arg>
<arg>sys, selenium.webdriver</arg>
</arguments>
<assign>
<var>${chrome_options}</var>
</assign>
<msg timestamp="20201109 22:48:51.250" level="INFO">${chrome_options} = &lt;selenium.webdriver.chrome.options.Options object at 0x7fac22a59df0&gt;</msg>
<status status="PASS" starttime="20201109 22:48:51.249" endtime="20201109 22:48:51.250"></status>
</kw>
<kw name="Call Method" library="BuiltIn">
<doc>Calls the named method of the given object with the provided arguments.</doc>
<arguments>
<arg>${chrome_options}</arg>
<arg>add_argument</arg>
<arg>test-type</arg>
</arguments>
<status status="PASS" starttime="20201109 22:48:51.250" endtime="20201109 22:48:51.250"></status>
</kw>
<kw name="Call Method" library="BuiltIn">
<doc>Calls the named method of the given object with the provided arguments.</doc>
<arguments>
<arg>${chrome_options}</arg>
<arg>add_argument</arg>
<arg>--disable-extensions</arg>
</arguments>
<status status="PASS" starttime="20201109 22:48:51.250" endtime="20201109 22:48:51.251"></status>
</kw>
<kw name="Call Method" library="BuiltIn">
<doc>Calls the named method of the given object with the provided arguments.</doc>
<arguments>
<arg>${chrome_options}</arg>
<arg>add_argument</arg>
<arg>--headless</arg>
</arguments>
<status status="PASS" starttime="20201109 22:48:51.251" endtime="20201109 22:48:51.251"></status>
</kw>
<kw name="Call Method" library="BuiltIn">
<doc>Calls the named method of the given object with the provided arguments.</doc>
<arguments>
<arg>${chrome_options}</arg>
<arg>add_argument</arg>
<arg>--disable-gpu</arg>
</arguments>
<status status="PASS" starttime="20201109 22:48:51.251" endtime="20201109 22:48:51.251"></status>
</kw>
<kw name="Call Method" library="BuiltIn">
<doc>Calls the named method of the given object with the provided arguments.</doc>
<arguments>
<arg>${chrome_options}</arg>
<arg>add_argument</arg>
<arg>--no-sandbox</arg>
</arguments>
<status status="PASS" starttime="20201109 22:48:51.251" endtime="20201109 22:48:51.251"></status>
</kw>
<kw name="Create Webdriver" library="SeleniumLibrary">
<doc>Creates an instance of Selenium WebDriver.</doc>
<arguments>
<arg>Chrome</arg>
<arg>chrome_options=${chrome_options}</arg>
</arguments>
<msg timestamp="20201109 22:48:51.252" level="INFO">Creating an instance of the Chrome WebDriver.</msg>
<status status="PASS" starttime="20201109 22:48:51.252" endtime="20201109 22:48:52.592"></status>
</kw>
<kw name="Open Browser" library="SeleniumLibrary">
<doc>Opens a new browser instance to the optional ``url``.</doc>
<arguments>
<arg>http://3.138.191.246:8080/webapp/</arg>
<arg>headlesschrome</arg>
</arguments>
<msg timestamp="20201109 22:48:52.593" level="INFO">Opening browser 'headlesschrome' to base url 'http://3.138.191.246:8080/webapp/'.</msg>
<status status="PASS" starttime="20201109 22:48:52.592" endtime="20201109 22:48:54.354"></status>
</kw>
<status status="PASS" starttime="20201109 22:48:51.248" endtime="20201109 22:48:54.354" critical="yes"></status>
</test>
<status status="PASS" starttime="20201109 22:48:50.945" endtime="20201109 22:48:54.355"></status>
</suite>
<statistics>
<total>
<stat pass="1" fail="0">Critical Tests</stat>
<stat pass="1" fail="0">All Tests</stat>
</total>
<tag>
</tag>
<suite>
<stat pass="1" fail="0" id="s1" name="MyApp">MyApp</stat>
</suite>
</statistics>
<errors>
</errors>
</robot>
