<?xml version="1.0" encoding="UTF-8"?>
<robot generator="Robot 3.2.2 (Python 3.8.5 on darwin)" generated="20201109 15:21:33.152" rpa="false">
<suite id="s1" name="MyApp" source="/Users/suchita.hotwani/My_app/hello-world/test/MyApp.robot">
<test id="s1-t1" name="Tc2">
<kw name="Evaluate" library="BuiltIn">
<doc>Evaluates the given expression in Python and returns the result.</doc>
<arguments>
<arg>sys.modules['selenium.webdriver'].ChromeOptions()</arg>
<arg>sys, selenium.webdriver</arg>
</arguments>
<assign>
<var>${chrome_options}</var>
</assign>
<msg timestamp="20201109 15:21:33.518" level="INFO">${chrome_options} = &lt;selenium.webdriver.chrome.options.Options object at 0x7f8e7db58be0&gt;</msg>
<status status="PASS" starttime="20201109 15:21:33.518" endtime="20201109 15:21:33.518"></status>
</kw>
<kw name="Call Method" library="BuiltIn">
<doc>Calls the named method of the given object with the provided arguments.</doc>
<arguments>
<arg>${chrome_options}</arg>
<arg>add_argument</arg>
<arg>--headless</arg>
</arguments>
<status status="PASS" starttime="20201109 15:21:33.518" endtime="20201109 15:21:33.519"></status>
</kw>
<kw name="Create Webdriver" library="SeleniumLibrary">
<doc>Creates an instance of Selenium WebDriver.</doc>
<arguments>
<arg>Chrome</arg>
<arg>chrome_options=${chrome_options}</arg>
</arguments>
<msg timestamp="20201109 15:21:33.519" level="INFO">Creating an instance of the Chrome WebDriver.</msg>
<status status="PASS" starttime="20201109 15:21:33.519" endtime="20201109 15:21:35.015"></status>
</kw>
<kw name="Go To" library="SeleniumLibrary">
<doc>Navigates the current browser window to the provided ``url``.</doc>
<arguments>
<arg>http://3.138.191.246:8080/webapp/</arg>
</arguments>
<msg timestamp="20201109 15:21:35.016" level="INFO">Opening url 'http://3.138.191.246:8080/webapp/'</msg>
<status status="PASS" starttime="20201109 15:21:35.016" endtime="20201109 15:21:35.379"></status>
</kw>
<status status="PASS" starttime="20201109 15:21:33.516" endtime="20201109 15:21:35.380" critical="yes"></status>
</test>
<status status="PASS" starttime="20201109 15:21:33.154" endtime="20201109 15:21:35.381"></status>
</suite>
<statistics>
<total>
<stat pass="1" fail="0">Critical Tests</stat>
<stat pass="1" fail="0">All Tests</stat>
</total>
<tag>
</tag>
<suite>
<stat pass="1" fail="0" id="s1" name="MyApp">MyApp</stat>
</suite>
</statistics>
<errors>
</errors>
</robot>
